<?xml version="1.0" encoding="UTF-8"?>
<!-- Generated by org.testng.reporters.JUnitReportReporter -->
<testsuite skipped="0" hostname="LAPTOP-4787RIJ8" name="tests.searchHomePageTest" tests="2" failures="0" timestamp="2020-02-10T10:49:14 IST" time="152.933" errors="0">
  <testcase name="launchingApplication" time="73.760" classname="tests.searchHomePageTest"/>
  <testcase name="searchPage" time="79.173" classname="tests.searchHomePageTest"/>
</testsuite> <!-- tests.searchHomePageTest -->
